<?xml version="1.0" encoding="UTF-8"?>
<testsuite xmlns:xsi="http://www.w3.org/2001/XMLSchema-instance" xsi:noNamespaceSchemaLocation="https://maven.apache.org/surefire/maven-surefire-plugin/xsd/surefire-test-report.xsd" version="3.0.2" name="com.example.ProyectoWeb.ProyectoWebApplicationTests" time="5.841" tests="1" errors="0" skipped="0" failures="0" flakes="0">
  <properties>
[...]
</properties>
  <testcase name="contextLoads" classname="com.example.ProyectoWeb.ProyectoWebApplicationTests" time="0.447">
    <system-out><![CDATA[11:49:05.639 [main] INFO org.springframework.test.context.support.AnnotationConfigContextLoaderUtils -- Could not detect default configuration classes for test class [com.example.ProyectoWeb.ProyectoWebApplicationTests]: ProyectoWebApplicationTests does not declare any static, non-private, non-final, nested classes annotated with @Configuration.
11:49:05.743 [main] INFO org.springframework.boot.test.context.SpringBootTestContextBootstrapper -- Found @SpringBootConfiguration com.example.ProyectoWeb.ProyectoWebApplication for test class com.example.ProyectoWeb.ProyectoWebApplicationTests
11:49:05.830 [main] INFO org.springframework.test.context.support.AnnotationConfigContextLoaderUtils -- Could not detect default configuration classes for test class [com.example.ProyectoWeb.ProyectoWebApplicationTests]: ProyectoWebApplicationTests does not declare any static, non-private, non-final, nested classes annotated with @Configuration.
11:49:05.832 [main] INFO org.springframework.boot.test.context.SpringBootTestContextBootstrapper -- Found @SpringBootConfiguration com.example.ProyectoWeb.ProyectoWebApplication for test class com.example.ProyectoWeb.ProyectoWebApplicationTests
11:49:05.913 [main] INFO org.springframework.boot.devtools.restart.RestartApplicationListener -- Restart disabled due to context in which it is running

  .   ____          _            __ _ _
 /\\ / ___'_ __ _ _(_)_ __  __ _ \ \ \ \
( ( )\___ | '_ | '_| | '_ \/ _` | \ \ \ \
 \\/  ___)| |_)| | | | | || (_| |  ) ) ) )
  '  |____| .__|_| |_|_| |_\__, | / / / /
 =========|_|==============|___/=/_/_/_/

 :: Spring Boot ::                (v4.1.1)

2026-09-21T11:49:06.207-05:00  INFO 6268 --- [ProyectoWeb] [           main] c.e.P.ProyectoWebApplicationTests        : Starting ProyectoWebApplicationTests using Java 21.0.8 with PID 6268 (started by richi in C:\Users\richi\Downloads\vscode\springboot\PartyPlan)
2026-09-21T11:49:06.209-05:00  INFO 6268 --- [ProyectoWeb] [           main] c.e.P.ProyectoWebApplicationTests        : No active profile set, falling back to 1 default profile: "default"
2026-09-21T11:49:06.898-05:00  INFO 6268 --- [ProyectoWeb] [           main] .s.d.r.c.RepositoryConfigurationDelegate : Bootstrapping Spring Data JPA repositories in DEFAULT mode.
2026-09-21T11:49:06.972-05:00  INFO 6268 --- [ProyectoWeb] [           main] .s.d.r.c.RepositoryConfigurationDelegate : Finished Spring Data repository scanning in 59 ms. Found 5 JPA repository interfaces.
2026-09-21T11:49:07.486-05:00  INFO 6268 --- [ProyectoWeb] [           main] org.hibernate.orm.jpa                    : HHH008540: Processing PersistenceUnitInfo [name: default]
2026-09-21T11:49:07.562-05:00  INFO 6268 --- [ProyectoWeb] [           main] org.hibernate.orm.core                   : HHH000001: Hibernate ORM core version 7.4.5.Final
2026-09-21T11:49:08.139-05:00  INFO 6268 --- [ProyectoWeb] [           main] o.s.o.j.p.SpringPersistenceUnitInfo      : No LoadTimeWeaver setup: ignoring JPA class transformer
2026-09-21T11:49:08.188-05:00  INFO 6268 --- [ProyectoWeb] [           main] com.zaxxer.hikari.HikariDataSource       : HikariPool-1 - Starting...
2026-09-21T11:49:08.380-05:00  INFO 6268 --- [ProyectoWeb] [           main] com.zaxxer.hikari.pool.HikariPool        : HikariPool-1 - Added connection conn0: url=jdbc:h2:mem:nexora user=SA
2026-09-21T11:49:08.382-05:00  INFO 6268 --- [ProyectoWeb] [           main] com.zaxxer.hikari.HikariDataSource       : HikariPool-1 - Start completed.
2026-09-21T11:49:08.435-05:00  INFO 6268 --- [ProyectoWeb] [           main] org.hibernate.orm.connections.pooling    : HHH10001005: Database info:
	Database JDBC URL [jdbc:h2:mem:nexora]
	Database driver: H2 JDBC Driver
	Database dialect: H2Dialect
	Database version: 2.4.240
	Default catalog/schema: NEXORA/PUBLIC
	Autocommit mode: undefined/unknown
	Isolation level: READ_COMMITTED [default READ_COMMITTED]
	JDBC fetch size: 100
	Pool: DataSourceConnectionProvider
	Minimum pool size: undefined/unknown
	Maximum pool size: undefined/unknown
2026-09-21T11:49:09.288-05:00  INFO 6268 --- [ProyectoWeb] [           main] org.hibernate.orm.core                   : HHH000489: No JTA platform available (set 'hibernate.transaction.jta.platform' to enable JTA platform integration)
Hibernate: 
    drop table if exists lugares cascade 
Hibernate: 
    drop table if exists pagos cascade 
Hibernate: 
    drop table if exists planes cascade 
Hibernate: 
    drop table if exists reservas cascade 
Hibernate: 
    drop table if exists usuarios cascade 
Hibernate: 
    create table lugares (
        capacidad integer,
        id bigint generated by default as identity,
        categoria varchar(255),
        direccion varchar(255),
        nombre varchar(255),
        primary key (id)
    )
Hibernate: 
    create table pagos (
        fecha_pago date,
        monto numeric(38,2),
        id bigint generated by default as identity,
        id_reserva bigint unique,
        estado_pago varchar(255),
        metodo_pago varchar(255),
        primary key (id)
    )
Hibernate: 
    create table planes (
        precio numeric(38,2),
        id bigint generated by default as identity,
        descripcion varchar(255),
        nombre varchar(255),
        tipo varchar(255),
        primary key (id)
    )
Hibernate: 
    create table reservas (
        fecha date not null,
        hora time(0) not null,
        numero_personas integer,
        id bigint generated by default as identity,
        plan_id bigint,
        usuario_id bigint,
        estado varchar(255),
        primary key (id)
    )
Hibernate: 
    create table usuarios (
        activo boolean not null,
        id bigint generated by default as identity,
        correo varchar(255),
        nombre_completo varchar(255),
        telefono varchar(255),
        primary key (id)
    )
Hibernate: 
    alter table if exists pagos 
       add constraint FK8y8c5vtchywg1hc0so39gg56j 
       foreign key (id_reserva) 
       references reservas
Hibernate: 
    alter table if exists reservas 
       add constraint FKkpekg1fn9irsgolbnsbhoabdm 
       foreign key (plan_id) 
       references planes
Hibernate: 
    alter table if exists reservas 
       add constraint FKcfh7qcr7oxomqk5hhbxdg2m7p 
       foreign key (usuario_id) 
       references usuarios
2026-09-21T11:49:09.347-05:00  INFO 6268 --- [ProyectoWeb] [           main] j.LocalContainerEntityManagerFactoryBean : Initialized JPA EntityManagerFactory for persistence unit 'default'
2026-09-21T11:49:09.438-05:00  INFO 6268 --- [ProyectoWeb] [           main] o.s.d.j.r.query.QueryEnhancerFactories   : Hibernate is in classpath; If applicable, HQL parser will be used.
2026-09-21T11:49:09.760-05:00  WARN 6268 --- [ProyectoWeb] [           main] JpaBaseConfiguration$JpaWebConfiguration : spring.jpa.open-in-view is enabled by default. Therefore, database queries may be performed during view rendering. Explicitly configure spring.jpa.open-in-view to disable this warning
2026-09-21T11:49:09.788-05:00  INFO 6268 --- [ProyectoWeb] [           main] o.s.b.w.a.WelcomePageHandlerMapping      : Adding welcome page template: index
2026-09-21T11:49:10.208-05:00  INFO 6268 --- [ProyectoWeb] [           main] o.s.b.h.a.H2ConsoleAutoConfiguration     : H2 console available at '/h2-console'. Database available at 'jdbc:h2:mem:nexora'
2026-09-21T11:49:10.301-05:00  INFO 6268 --- [ProyectoWeb] [           main] c.e.P.ProyectoWebApplicationTests        : Started ProyectoWebApplicationTests in 4.4 seconds (process running for 5.603)
Hibernate: 
    select
        count(*) 
    from
        usuarios u1_0
Hibernate: 
    insert 
    into
        usuarios
        (activo, correo, nombre_completo, telefono, id) 
    values
        (?, ?, ?, ?, default)
Hibernate: 
    insert 
    into
        usuarios
        (activo, correo, nombre_completo, telefono, id) 
    values
        (?, ?, ?, ?, default)
Hibernate: 
    insert 
    into
        usuarios
        (activo, correo, nombre_completo, telefono, id) 
    values
        (?, ?, ?, ?, default)
Hibernate: 
    select
        count(*) 
    from
        planes p1_0
Hibernate: 
    insert 
    into
        planes
        (descripcion, nombre, precio, tipo, id) 
    values
        (?, ?, ?, ?, default)
Hibernate: 
    insert 
    into
        planes
        (descripcion, nombre, precio, tipo, id) 
    values
        (?, ?, ?, ?, default)
Hibernate: 
    insert 
    into
        planes
        (descripcion, nombre, precio, tipo, id) 
    values
        (?, ?, ?, ?, default)
Hibernate: 
    select
        count(*) 
    from
        lugares l1_0
Hibernate: 
    insert 
    into
        lugares
        (capacidad, categoria, direccion, nombre, id) 
    values
        (?, ?, ?, ?, default)
Hibernate: 
    insert 
    into
        lugares
        (capacidad, categoria, direccion, nombre, id) 
    values
        (?, ?, ?, ?, default)
Hibernate: 
    insert 
    into
        lugares
        (capacidad, categoria, direccion, nombre, id) 
    values
        (?, ?, ?, ?, default)
Hibernate: 
    select
        count(*) 
    from
        reservas r1_0
Hibernate: 
    insert 
    into
        reservas
        (estado, fecha, hora, numero_personas, plan_id, usuario_id, id) 
    values
        (?, ?, ?, ?, ?, ?, default)
Hibernate: 
    insert 
    into
        reservas
        (estado, fecha, hora, numero_personas, plan_id, usuario_id, id) 
    values
        (?, ?, ?, ?, ?, ?, default)
Hibernate: 
    insert 
    into
        reservas
        (estado, fecha, hora, numero_personas, plan_id, usuario_id, id) 
    values
        (?, ?, ?, ?, ?, ?, default)
Hibernate: 
    select
        count(*) 
    from
        pagos p1_0
Hibernate: 
    insert 
    into
        pagos
        (estado_pago, fecha_pago, metodo_pago, monto, id_reserva, id) 
    values
        (?, ?, ?, ?, ?, default)
Hibernate: 
    insert 
    into
        pagos
        (estado_pago, fecha_pago, metodo_pago, monto, id_reserva, id) 
    values
        (?, ?, ?, ?, ?, default)
Hibernate: 
    insert 
    into
        pagos
        (estado_pago, fecha_pago, metodo_pago, monto, id_reserva, id) 
    values
        (?, ?, ?, ?, ?, default)
]]></system-out>
    <system-err><![CDATA[Mockito is currently self-attaching to enable the inline-mock-maker. This will no longer work in future releases of the JDK. Please add Mockito as an agent to your build as described in Mockito's documentation: https://javadoc.io/doc/org.mockito/mockito-core/latest/org.mockito/org/mockito/Mockito.html#0.3
WARNING: A Java agent has been loaded dynamically (C:\Users\richi\.m2\repository\net\bytebuddy\byte-buddy-agent\1.18.11\byte-buddy-agent-1.18.11.jar)
WARNING: If a serviceability tool is in use, please run with -XX:+EnableDynamicAgentLoading to hide this warning
WARNING: If a serviceability tool is not in use, please run with -Djdk.instrument.traceUsage for more information
WARNING: Dynamic loading of agents will be disallowed by default in a future release
]]></system-err>
  </testcase>
</testsuite>